TN:
SF:script/v1/AdvanceEpoch.s.sol
FN:8,AdvanceEpochScript.run
FNDA:0,AdvanceEpochScript.run
DA:9,0
DA:9,0
DA:9,0
DA:10,0
DA:10,0
DA:10,0
DA:11,0
DA:11,0
DA:11,0
DA:12,0
DA:12,0
DA:12,0
DA:14,0
DA:14,0
DA:14,0
DA:15,0
DA:15,0
DA:16,0
DA:16,0
DA:17,0
DA:17,0
FNF:1
FNH:0
LF:8
LH:0
BRF:0
BRH:0
end_of_record
TN:
SF:script/v1/DeployFundVault.s.sol
FN:20,DeployFundVault.run
FNDA:0,DeployFundVault.run
DA:21,0
DA:21,0
DA:21,0
DA:22,0
DA:22,0
DA:22,0
DA:23,0
DA:23,0
DA:23,0
DA:25,0
DA:25,0
DA:25,0
DA:26,0
DA:26,0
DA:26,0
DA:28,0
DA:28,0
DA:28,0
DA:31,0
DA:31,0
DA:31,0
DA:35,0
DA:35,0
DA:35,0
DA:36,0
DA:36,0
DA:38,0
BRDA:38,0,0,-
BRDA:38,0,1,-
DA:39,0
DA:39,0
DA:41,0
DA:41,0
DA:44,0
BRDA:44,1,0,-
BRDA:44,1,1,-
DA:45,0
DA:45,0
DA:57,0
DA:57,0
DA:60,0
DA:60,0
DA:63,0
DA:63,0
DA:63,0
DA:71,0
DA:71,0
DA:83,0
DA:83,0
DA:86,0
DA:86,0
DA:87,0
DA:87,0
DA:88,0
DA:88,0
DA:89,0
DA:89,0
DA:90,0
DA:90,0
DA:90,0
DA:91,0
DA:91,0
DA:91,0
DA:92,0
DA:92,0
DA:93,0
DA:93,0
FNF:1
FNH:0
LF:27
LH:0
BRF:4
BRH:0
end_of_record
TN:
SF:script/v2/DeployFundVaultV2.s.sol
FN:18,DeployFundVaultV2.run
FNDA:0,DeployFundVaultV2.run
DA:19,0
DA:19,0
DA:19,0
DA:20,0
DA:20,0
DA:20,0
DA:22,0
DA:22,0
DA:22,0
DA:23,0
DA:23,0
DA:23,0
DA:25,0
DA:25,0
DA:25,0
DA:26,0
DA:26,0
DA:28,0
BRDA:28,0,0,-
BRDA:28,0,1,-
DA:29,0
DA:29,0
DA:31,0
DA:31,0
DA:34,0
DA:34,0
DA:37,0
DA:37,0
DA:39,0
DA:39,0
DA:42,0
DA:42,0
DA:43,0
DA:43,0
DA:44,0
DA:44,0
DA:44,0
DA:45,0
DA:45,0
DA:45,0
DA:46,0
DA:46,0
DA:47,0
DA:47,0
FNF:1
FNH:0
LF:18
LH:0
BRF:2
BRH:0
end_of_record
TN:
SF:src/KycManager.sol
FN:18,KycManager.onlyNonZeroAddress
FNDA:1,KycManager.onlyNonZeroAddress
DA:19,1
DA:19,1
DA:19,1
BRDA:19,0,0,-
BRDA:19,0,1,1
DA:20,0
DA:20,0
FN:25,KycManager.
FNDA:0,KycManager.
DA:26,0
DA:26,0
FN:33,KycManager.bulkGrantKyc
FNDA:1,KycManager.bulkGrantKyc
DA:34,1
DA:34,1
BRDA:34,1,0,-
BRDA:34,1,1,1
DA:35,1
DA:35,1
DA:35,2
DA:35,1
DA:36,1
DA:36,1
FN:40,KycManager._grantKyc
FNDA:1,KycManager._grantKyc
DA:41,1
DA:41,1
BRDA:41,2,0,-
BRDA:41,2,1,1
DA:43,1
DA:43,1
DA:44,1
DA:44,1
DA:45,1
DA:45,1
FN:52,KycManager.bulkRevokeKyc
FNDA:1,KycManager.bulkRevokeKyc
DA:53,1
DA:53,1
DA:53,2
DA:53,1
DA:54,1
DA:54,1
FN:58,KycManager._revokeKyc
FNDA:1,KycManager._revokeKyc
DA:59,1
DA:59,1
DA:60,1
DA:60,1
DA:61,1
DA:61,1
DA:62,1
DA:62,1
FN:69,KycManager.bulkBan
FNDA:1,KycManager.bulkBan
DA:70,1
DA:70,1
DA:70,2
DA:70,1
DA:71,1
DA:71,1
FN:79,KycManager.bulkUnBan
FNDA:0,KycManager.bulkUnBan
DA:80,0
DA:80,0
DA:80,0
DA:80,0
DA:81,0
DA:81,0
FN:85,KycManager._setBanned
FNDA:1,KycManager._setBanned
DA:86,1
DA:86,1
DA:87,1
DA:87,1
FN:90,KycManager.setStrict
FNDA:2,KycManager.setStrict
DA:91,2
DA:91,2
DA:92,2
DA:92,2
FN:99,KycManager.getUserInfo
FNDA:0,KycManager.getUserInfo
DA:100,0
DA:100,0
FN:103,KycManager.getAllUsers
FNDA:0,KycManager.getAllUsers
DA:104,0
DA:104,0
FN:107,KycManager.getAllUserInfo
FNDA:0,KycManager.getAllUserInfo
DA:108,0
DA:108,0
DA:109,0
DA:109,0
DA:109,0
DA:109,0
DA:110,0
DA:110,0
DA:111,0
DA:111,0
DA:112,0
DA:112,0
DA:113,0
DA:113,0
DA:114,0
DA:114,0
DA:116,0
DA:116,0
FN:119,KycManager.onlyNotBanned
FNDA:17,KycManager.onlyNotBanned
DA:120,17
BRDA:120,3,0,-
BRDA:120,3,1,17
DA:121,0
DA:121,0
FN:125,KycManager.onlyKyc
FNDA:18,KycManager.onlyKyc
DA:126,18
DA:126,18
BRDA:126,4,0,1
BRDA:126,4,1,17
DA:127,1
DA:127,1
FN:131,KycManager.isBanned
FNDA:17,KycManager.isBanned
DA:132,17
DA:132,17
FN:135,KycManager.isKyc
FNDA:9,KycManager.isKyc
DA:136,9
DA:136,9
DA:136,9
FN:139,KycManager.isUSKyc
FNDA:3,KycManager.isUSKyc
DA:140,3
DA:140,3
DA:140,3
FN:143,KycManager.isNonUSKyc
FNDA:0,KycManager.isNonUSKyc
DA:144,0
DA:144,0
DA:144,0
FN:147,KycManager.isStrict
FNDA:7,KycManager.isStrict
DA:148,7
DA:148,7
FN:151,KycManager._addUserIfNotExist
FNDA:2,KycManager._addUserIfNotExist
DA:152,2
DA:152,2
BRDA:152,5,0,-
BRDA:152,5,1,2
DA:153,0
DA:153,0
DA:154,0
DA:154,0
DA:155,0
DA:155,0
FNF:21
FNH:15
LF:47
LH:28
BRF:12
BRH:7
end_of_record
TN:
SF:src/mocks/USDC.sol
FN:7,USDC.
FNDA:0,USDC.
DA:8,0
DA:8,0
FN:11,USDC.decimals
FNDA:0,USDC.decimals
DA:12,0
DA:12,0
FNF:2
FNH:0
LF:2
LH:0
BRF:0
BRH:0
end_of_record
TN:
SF:src/utils/AdminOperatorRoles.sol
FN:10,AdminOperatorRoles.onlyAdminOrOperator
FNDA:1,AdminOperatorRoles.onlyAdminOrOperator
DA:11,1
DA:11,1
DA:11,1
DA:11,1
BRDA:11,0,0,-
BRDA:11,0,1,2
DA:12,0
DA:12,0
FN:17,AdminOperatorRoles.onlyCaller
FNDA:0,AdminOperatorRoles.onlyCaller
DA:18,0
DA:18,0
DA:18,0
BRDA:18,1,0,-
BRDA:18,1,1,-
DA:19,0
DA:19,0
FNF:2
FNH:1
LF:4
LH:1
BRF:4
BRH:1
end_of_record
TN:
SF:src/utils/AdminRole.sol
FN:7,AdminRole.onlyAdmin
FNDA:2,AdminRole.onlyAdmin
DA:8,2
DA:8,2
FNF:1
FNH:1
LF:1
LH:1
BRF:0
BRH:0
end_of_record
TN:
SF:src/utils/ERC1404.sol
FN:8,ERC1404.notRestricted
FNDA:0,ERC1404.notRestricted
DA:9,0
DA:9,0
DA:9,0
DA:10,0
DA:10,0
BRDA:10,0,0,-
BRDA:10,0,1,-
FN:16,ERC1404.messageForTransferRestriction
FNDA:0,ERC1404.messageForTransferRestriction
DA:17,9
DA:17,9
BRDA:17,1,0,4
BRDA:17,1,1,5
DA:18,4
DA:18,4
DA:19,5
DA:19,5
BRDA:19,2,0,3
BRDA:19,2,1,2
DA:20,3
DA:20,3
DA:21,2
DA:21,2
BRDA:21,3,0,2
BRDA:21,3,1,2
DA:22,2
DA:22,2
FNF:2
FNH:0
LF:8
LH:6
BRF:8
BRH:6
end_of_record
TN:
SF:src/v1/BaseVault.sol
FN:23,BaseVault.
FNDA:0,BaseVault.
DA:34,0
DA:34,0
DA:35,0
DA:35,0
DA:36,0
DA:36,0
DA:37,0
DA:37,0
DA:38,0
DA:38,0
DA:39,0
DA:39,0
DA:40,0
DA:40,0
DA:41,0
DA:41,0
DA:42,0
DA:42,0
FN:49,BaseVault.setTransactionFee
FNDA:0,BaseVault.setTransactionFee
DA:50,0
DA:50,0
DA:51,0
DA:51,0
FN:54,BaseVault.setInitialDeposit
FNDA:0,BaseVault.setInitialDeposit
DA:55,0
DA:55,0
DA:56,0
DA:56,0
FN:59,BaseVault.setMinDeposit
FNDA:0,BaseVault.setMinDeposit
DA:60,0
DA:60,0
DA:61,0
DA:61,0
FN:64,BaseVault.setMaxDeposit
FNDA:0,BaseVault.setMaxDeposit
DA:65,0
DA:65,0
DA:66,0
DA:66,0
FN:69,BaseVault.setMinWithdraw
FNDA:0,BaseVault.setMinWithdraw
DA:70,0
DA:70,0
DA:71,0
DA:71,0
FN:74,BaseVault.setMaxWithdraw
FNDA:0,BaseVault.setMaxWithdraw
DA:75,0
DA:75,0
DA:76,0
DA:76,0
FN:79,BaseVault.setTargetReservesLevel
FNDA:0,BaseVault.setTargetReservesLevel
DA:80,0
DA:80,0
DA:81,0
DA:81,0
FN:84,BaseVault.setOnchainServiceFeeRate
FNDA:0,BaseVault.setOnchainServiceFeeRate
DA:85,0
DA:85,0
DA:86,0
DA:86,0
FN:89,BaseVault.setOffchainServiceFeeRate
FNDA:0,BaseVault.setOffchainServiceFeeRate
DA:90,0
DA:90,0
DA:91,0
DA:91,0
FN:98,BaseVault.getTransactionFee
FNDA:0,BaseVault.getTransactionFee
DA:99,0
DA:99,0
FN:102,BaseVault.getMinMaxDeposit
FNDA:0,BaseVault.getMinMaxDeposit
DA:103,0
DA:103,0
FN:106,BaseVault.getMinMaxWithdraw
FNDA:0,BaseVault.getMinMaxWithdraw
DA:107,0
DA:107,0
FN:110,BaseVault.getTargetReservesLevel
FNDA:0,BaseVault.getTargetReservesLevel
DA:111,0
DA:111,0
FN:114,BaseVault.getOnchainAndOffChainServiceFeeRate
FNDA:0,BaseVault.getOnchainAndOffChainServiceFeeRate
DA:119,0
DA:119,0
FN:122,BaseVault.getInitialDeposit
FNDA:0,BaseVault.getInitialDeposit
DA:123,0
DA:123,0
FNF:16
FNH:0
LF:33
LH:0
BRF:0
BRH:0
end_of_record
TN:
SF:src/v1/ChainlinkAccessor.sol
FN:25,ChainlinkAccessor.init
FNDA:0,ChainlinkAccessor.init
DA:26,0
DA:26,0
DA:27,0
DA:27,0
DA:28,0
DA:28,0
DA:29,0
DA:29,0
DA:30,0
DA:30,0
DA:31,0
DA:31,0
DA:32,0
DA:32,0
FN:38,ChainlinkAccessor._requestTotalOffchainNAV
FNDA:0,ChainlinkAccessor._requestTotalOffchainNAV
DA:42,0
DA:42,0
DA:42,0
DA:50,0
DA:50,0
DA:54,0
DA:54,0
BRDA:54,0,0,-
BRDA:54,0,1,-
DA:55,0
DA:55,0
DA:57,0
DA:57,0
DA:61,0
DA:61,0
DA:61,0
DA:62,0
DA:62,0
DA:63,0
DA:63,0
DA:63,0
DA:65,0
DA:65,0
DA:68,0
DA:68,0
FN:71,ChainlinkAccessor.setChainlinkOracleAddress
FNDA:0,ChainlinkAccessor.setChainlinkOracleAddress
DA:72,0
DA:72,0
DA:73,0
DA:73,0
FN:76,ChainlinkAccessor.setChainlinkFee
FNDA:0,ChainlinkAccessor.setChainlinkFee
DA:77,0
DA:77,0
DA:78,0
DA:78,0
FN:81,ChainlinkAccessor.setChainlinkJobId
FNDA:0,ChainlinkAccessor.setChainlinkJobId
DA:82,0
DA:82,0
DA:83,0
DA:83,0
FN:86,ChainlinkAccessor.setChainlinkURLData
FNDA:0,ChainlinkAccessor.setChainlinkURLData
DA:87,0
DA:87,0
DA:88,0
DA:88,0
FN:91,ChainlinkAccessor.setPathToOffchainAssets
FNDA:0,ChainlinkAccessor.setPathToOffchainAssets
DA:92,0
DA:92,0
DA:93,0
DA:93,0
FN:96,ChainlinkAccessor.setPathToTotalOffchainAssetAtLastClose
FNDA:0,ChainlinkAccessor.setPathToTotalOffchainAssetAtLastClose
DA:97,0
DA:97,0
DA:98,0
DA:98,0
FN:101,ChainlinkAccessor.getChainLinkParameters
FNDA:0,ChainlinkAccessor.getChainLinkParameters
DA:102,0
DA:102,0
FN:105,ChainlinkAccessor.getRequestData
FNDA:0,ChainlinkAccessor.getRequestData
DA:106,0
DA:106,0
DA:107,0
DA:107,0
DA:108,0
DA:108,0
FNF:10
FNH:0
LF:33
LH:0
BRF:2
BRH:0
end_of_record
TN:
SF:src/v1/FundVault.sol
FN:57,FundVault.
FNDA:0,FundVault.
DA:68,0
DA:68,0
DA:69,0
DA:69,0
DA:71,0
DA:71,0
DA:72,0
DA:72,0
DA:73,0
DA:73,0
DA:74,0
DA:74,0
DA:76,0
DA:76,0
DA:78,0
DA:78,0
FN:85,FundVault.setFeeReceiver
FNDA:0,FundVault.setFeeReceiver
DA:86,0
DA:86,0
DA:87,0
DA:87,0
FN:90,FundVault.setTreasury
FNDA:0,FundVault.setTreasury
DA:91,0
DA:91,0
DA:92,0
DA:92,0
FN:95,FundVault.setBaseVault
FNDA:0,FundVault.setBaseVault
DA:96,0
DA:96,0
DA:97,0
DA:97,0
FN:100,FundVault.setKycManager
FNDA:0,FundVault.setKycManager
DA:101,0
DA:101,0
DA:102,0
DA:102,0
FN:109,FundVault.pause
FNDA:0,FundVault.pause
DA:110,0
DA:110,0
FN:113,FundVault.unpause
FNDA:0,FundVault.unpause
DA:114,0
DA:114,0
FN:122,FundVault.requestAdvanceEpoch
FNDA:0,FundVault.requestAdvanceEpoch
DA:123,0
DA:123,0
DA:123,0
DA:125,0
DA:125,0
FN:132,FundVault.requestRedemptionQueue
FNDA:0,FundVault.requestRedemptionQueue
DA:133,0
DA:133,0
BRDA:133,0,0,-
BRDA:133,0,1,-
DA:134,0
DA:134,0
DA:137,0
DA:137,0
DA:137,0
DA:139,0
DA:139,0
FN:145,FundVault.transferExcessReservesToTreasury
FNDA:0,FundVault.transferExcessReservesToTreasury
DA:146,0
DA:146,0
DA:146,0
DA:147,0
DA:147,0
BRDA:147,1,0,-
BRDA:147,1,1,-
DA:148,0
DA:148,0
DA:151,0
DA:151,0
FN:157,FundVault.transferToTreasury
FNDA:0,FundVault.transferToTreasury
DA:158,0
DA:158,0
DA:158,0
BRDA:158,2,0,-
BRDA:158,2,1,-
DA:159,0
DA:159,0
DA:162,0
DA:162,0
DA:162,0
DA:162,0
DA:162,0
DA:162,0
BRDA:162,3,0,-
BRDA:162,3,1,-
DA:163,0
DA:163,0
DA:166,0
DA:166,0
DA:167,0
DA:167,0
FN:173,FundVault.setMinTxFee
FNDA:0,FundVault.setMinTxFee
DA:174,0
DA:174,0
DA:175,0
DA:175,0
FN:181,FundVault.claimOnchainServiceFee
FNDA:0,FundVault.claimOnchainServiceFee
DA:182,0
DA:182,0
DA:182,0
BRDA:182,4,0,-
BRDA:182,4,1,-
DA:183,0
DA:183,0
DA:186,0
DA:186,0
BRDA:186,5,0,-
BRDA:186,5,1,-
DA:187,0
DA:187,0
DA:190,0
DA:190,0
DA:191,0
DA:191,0
DA:192,0
DA:192,0
FN:198,FundVault.claimOffchainServiceFee
FNDA:0,FundVault.claimOffchainServiceFee
DA:199,0
DA:199,0
DA:199,0
BRDA:199,6,0,-
BRDA:199,6,1,-
DA:200,0
DA:200,0
DA:203,0
DA:203,0
BRDA:203,7,0,-
BRDA:203,7,1,-
DA:204,0
DA:204,0
DA:207,0
DA:207,0
DA:208,0
DA:208,0
DA:209,0
DA:209,0
FN:215,FundVault.bulkSetInitialDeposit
FNDA:0,FundVault.bulkSetInitialDeposit
DA:216,0
DA:216,0
DA:216,0
DA:216,0
DA:217,0
DA:217,0
FN:229,FundVault.fulfill
FNDA:0,FundVault.fulfill
DA:230,0
DA:230,0
DA:232,0
DA:232,0
DA:232,0
DA:234,0
DA:234,0
BRDA:234,8,0,-
BRDA:234,8,1,-
DA:235,0
DA:235,0
DA:236,0
DA:236,0
BRDA:236,9,0,-
BRDA:236,9,1,-
DA:237,0
DA:237,0
DA:238,0
DA:238,0
BRDA:238,10,0,-
BRDA:238,10,1,-
DA:239,0
DA:239,0
DA:240,0
DA:240,0
BRDA:240,11,0,-
BRDA:240,11,1,-
DA:241,0
DA:241,0
DA:243,0
DA:243,0
FN:256,FundVault.deposit
FNDA:0,FundVault.deposit
DA:265,0
DA:265,0
DA:266,0
DA:266,0
DA:268,0
DA:268,0
DA:269,0
DA:269,0
DA:269,0
DA:271,0
DA:271,0
DA:272,0
DA:272,0
FN:282,FundVault.redeem
FNDA:0,FundVault.redeem
DA:292,0
DA:292,0
DA:293,0
DA:293,0
DA:295,0
DA:295,0
DA:296,0
DA:296,0
DA:296,0
DA:298,0
DA:298,0
DA:299,0
DA:299,0
FN:305,FundVault.mint
FNDA:0,FundVault.mint
DA:306,0
DA:306,0
FN:313,FundVault.withdraw
FNDA:0,FundVault.withdraw
DA:314,0
DA:314,0
FN:321,FundVault.getRedemptionQueueInfo
FNDA:0,FundVault.getRedemptionQueueInfo
DA:322,0
DA:322,0
DA:322,0
DA:322,0
DA:322,0
DA:322,0
BRDA:322,12,0,-
BRDA:322,12,1,-
DA:323,0
DA:323,0
DA:326,0
DA:326,0
DA:326,0
DA:327,0
DA:327,0
FN:330,FundVault.getRedemptionQueueLength
FNDA:0,FundVault.getRedemptionQueueLength
DA:331,0
DA:331,0
DA:331,0
FN:337,FundVault.getTxFee
FNDA:0,FundVault.getTxFee
DA:338,0
DA:338,0
DA:338,0
FN:344,FundVault.getUserEpochInfo
FNDA:0,FundVault.getUserEpochInfo
DA:349,0
DA:349,0
DA:350,0
DA:350,0
DA:352,0
DA:352,0
DA:354,0
DA:354,0
FN:362,FundVault.vaultNetAssets
FNDA:0,FundVault.vaultNetAssets
DA:363,0
DA:363,0
DA:363,0
FN:369,FundVault.combinedNetAssets
FNDA:0,FundVault.combinedNetAssets
DA:370,0
DA:370,0
DA:370,0
DA:370,0
FN:376,FundVault.excessReserves
FNDA:0,FundVault.excessReserves
DA:377,0
DA:377,0
DA:377,0
DA:377,0
DA:377,0
DA:377,0
DA:378,0
DA:378,0
DA:378,0
DA:379,0
DA:379,0
DA:379,0
FN:388,FundVault._beforeTokenTransfer
FNDA:0,FundVault._beforeTokenTransfer
DA:390,0
DA:390,0
DA:390,0
DA:390,0
DA:390,0
DA:390,0
DA:390,0
DA:390,0
DA:390,0
BRDA:390,13,0,-
BRDA:390,13,1,-
DA:391,0
DA:391,0
DA:394,0
DA:394,0
DA:394,0
DA:395,0
DA:395,0
BRDA:395,14,0,-
BRDA:395,14,1,-
FN:401,FundVault._afterTokenTransfer
FNDA:0,FundVault._afterTokenTransfer
DA:402,0
DA:402,0
DA:402,0
DA:402,0
DA:402,0
BRDA:402,15,0,-
BRDA:402,15,1,-
DA:403,0
DA:403,0
FN:411,FundVault.detectTransferRestriction
FNDA:0,FundVault.detectTransferRestriction
DA:417,0
DA:417,0
BRDA:417,16,0,-
BRDA:417,16,1,-
DA:417,0
DA:418,0
DA:418,0
BRDA:418,17,0,-
BRDA:418,17,1,-
DA:418,0
DA:420,0
DA:420,0
BRDA:420,18,0,-
BRDA:420,18,1,-
DA:421,0
DA:421,0
BRDA:421,19,0,-
BRDA:421,19,1,-
DA:421,0
DA:422,0
DA:422,0
BRDA:422,20,0,-
BRDA:422,20,1,-
DA:422,0
DA:423,0
DA:423,0
BRDA:423,21,0,-
BRDA:423,21,1,-
DA:424,0
DA:424,0
BRDA:424,22,0,-
BRDA:424,22,1,-
DA:424,0
DA:426,0
DA:426,0
FN:433,FundVault._convertToAssets
FNDA:0,FundVault._convertToAssets
DA:434,0
DA:434,0
DA:434,0
DA:435,0
DA:435,0
DA:435,0
FN:438,FundVault._convertToShares
FNDA:0,FundVault._convertToShares
DA:439,0
DA:439,0
DA:439,0
DA:440,0
DA:440,0
DA:440,0
FN:450,FundVault._validateDeposit
FNDA:0,FundVault._validateDeposit
DA:452,0
DA:452,0
DA:452,0
DA:454,0
DA:454,0
DA:454,0
DA:455,0
DA:455,0
DA:455,0
DA:457,0
DA:457,0
DA:457,0
BRDA:457,23,0,-
BRDA:457,23,1,-
DA:458,0
DA:458,0
DA:460,0
DA:460,0
BRDA:460,24,0,-
BRDA:460,24,1,-
DA:461,0
DA:461,0
DA:463,0
DA:463,0
DA:463,0
DA:463,0
BRDA:463,25,0,-
BRDA:463,25,1,-
DA:464,0
DA:464,0
DA:466,0
DA:466,0
DA:466,0
BRDA:466,26,0,-
BRDA:466,26,1,-
DA:467,0
DA:467,0
DA:470,0
DA:470,0
DA:470,0
DA:472,0
DA:472,0
BRDA:472,27,0,-
BRDA:472,27,1,-
DA:474,0
DA:474,0
DA:474,0
BRDA:474,28,0,-
BRDA:474,28,1,-
DA:475,0
DA:475,0
DA:479,0
DA:479,0
DA:479,0
BRDA:479,29,0,-
BRDA:479,29,1,-
DA:480,0
DA:480,0
FN:488,FundVault._processDeposit
FNDA:0,FundVault._processDeposit
DA:489,0
DA:489,0
DA:489,0
DA:490,0
DA:490,0
DA:490,0
DA:492,0
DA:492,0
DA:492,0
DA:493,0
DA:493,0
DA:495,0
DA:495,0
DA:497,0
DA:497,0
DA:498,0
DA:498,0
FN:504,FundVault._validateRedemption
FNDA:0,FundVault._validateRedemption
DA:505,0
DA:505,0
DA:505,0
BRDA:505,30,0,-
BRDA:505,30,1,-
DA:506,0
DA:506,0
DA:509,0
DA:509,0
DA:509,0
DA:510,0
DA:510,0
DA:510,0
DA:511,0
DA:511,0
BRDA:511,31,0,-
BRDA:511,31,1,-
DA:512,0
DA:512,0
DA:515,0
DA:515,0
DA:515,0
DA:517,0
DA:517,0
BRDA:517,32,0,-
BRDA:517,32,1,-
DA:519,0
DA:519,0
DA:519,0
BRDA:519,33,0,-
BRDA:519,33,1,-
DA:520,0
DA:520,0
DA:524,0
DA:524,0
DA:524,0
BRDA:524,34,0,-
BRDA:524,34,1,-
DA:525,0
DA:525,0
FN:534,FundVault._processRedemption
FNDA:0,FundVault._processRedemption
DA:535,0
DA:535,0
DA:535,0
BRDA:535,35,0,-
BRDA:535,35,1,-
DA:536,0
DA:536,0
DA:538,0
DA:538,0
DA:538,0
DA:539,0
DA:539,0
DA:539,0
DA:541,0
DA:541,0
DA:542,0
DA:542,0
DA:545,0
DA:545,0
BRDA:545,36,0,-
BRDA:545,36,1,-
DA:546,0
DA:546,0
DA:547,0
DA:547,0
DA:551,0
DA:551,0
BRDA:551,37,0,-
BRDA:551,37,1,-
DA:552,0
DA:552,0
DA:556,0
DA:556,0
BRDA:556,38,0,-
BRDA:556,38,1,-
DA:557,0
DA:557,0
DA:557,0
DA:558,0
DA:558,0
DA:559,0
DA:559,0
DA:560,0
DA:560,0
DA:563,0
DA:563,0
DA:564,0
DA:564,0
FN:573,FundVault._processRedemptionQueue
FNDA:0,FundVault._processRedemptionQueue
DA:574,0
DA:574,0
DA:575,0
DA:575,0
DA:575,0
DA:576,0
DA:576,0
DA:576,0
DA:578,0
DA:578,0
DA:578,0
DA:581,0
DA:581,0
DA:581,0
BRDA:581,39,0,-
BRDA:581,39,1,-
DA:582,0
DA:582,0
DA:585,0
DA:585,0
DA:586,0
DA:586,0
DA:588,0
DA:588,0
FN:595,FundVault._advanceEpoch
FNDA:0,FundVault._advanceEpoch
DA:596,0
DA:596,0
DA:598,0
DA:598,0
DA:598,0
DA:600,0
DA:600,0
DA:601,0
DA:601,0
DA:603,0
DA:603,0
FN:606,FundVault._getAssetBalance
FNDA:0,FundVault._getAssetBalance
DA:607,0
DA:607,0
DA:607,0
FN:610,FundVault._getServiceFee
FNDA:0,FundVault._getServiceFee
DA:611,0
DA:611,0
DA:611,0
FNF:40
FNH:0
LF:180
LH:0
BRF:80
BRH:0
end_of_record
TN:
SF:src/v1/utils/BytesQueue.sol
FN:55,BytesQueue.pushBack
FNDA:0,BytesQueue.pushBack
DA:56,0
DA:56,0
DA:57,0
DA:57,0
DA:59,0
DA:59,0
FN:68,BytesQueue.popFront
FNDA:0,BytesQueue.popFront
DA:69,0
DA:69,0
BRDA:69,0,0,-
BRDA:69,0,1,-
DA:69,0
DA:70,0
DA:70,0
DA:71,0
DA:71,0
DA:72,0
DA:72,0
DA:74,0
DA:74,0
FN:83,BytesQueue.front
FNDA:0,BytesQueue.front
DA:84,0
DA:84,0
BRDA:84,1,0,-
BRDA:84,1,1,-
DA:84,0
DA:85,0
DA:85,0
DA:86,0
DA:86,0
FN:95,BytesQueue.at
FNDA:0,BytesQueue.at
DA:97,0
DA:97,0
DA:97,0
DA:98,0
DA:98,0
BRDA:98,2,0,-
BRDA:98,2,1,-
DA:98,0
DA:99,0
DA:99,0
FN:102,BytesQueue._toInt128
FNDA:0,BytesQueue._toInt128
DA:103,0
DA:103,0
DA:104,0
DA:104,0
BRDA:104,3,0,-
BRDA:104,3,1,-
FN:107,BytesQueue._toInt256
FNDA:0,BytesQueue._toInt256
DA:109,0
DA:109,0
BRDA:109,4,0,-
BRDA:109,4,1,-
DA:110,0
DA:110,0
DA:110,0
FN:119,BytesQueue.clear
FNDA:0,BytesQueue.clear
DA:120,0
DA:120,0
DA:121,0
DA:121,0
FN:127,BytesQueue.length
FNDA:0,BytesQueue.length
DA:131,0
DA:131,0
DA:131,0
FN:138,BytesQueue.empty
FNDA:0,BytesQueue.empty
DA:139,0
DA:139,0
DA:139,0
FNF:9
FNH:0
LF:22
LH:0
BRF:10
BRH:0
end_of_record
TN:
SF:src/v2/FundVaultV2.sol
FN:39,FundVaultV2.
FNDA:0,FundVaultV2.
DA:40,0
DA:40,0
DA:41,0
DA:41,0
DA:43,0
DA:43,0
DA:44,0
DA:44,0
FN:47,FundVaultV2.decimals
FNDA:1,FundVaultV2.decimals
DA:48,1
DA:48,1
FN:55,FundVaultV2.setCustodian
FNDA:2,FundVaultV2.setCustodian
DA:56,1
DA:56,1
DA:57,1
DA:57,1
FN:60,FundVaultV2.setKycManager
FNDA:2,FundVaultV2.setKycManager
DA:61,1
DA:61,1
DA:62,1
DA:62,1
FN:69,FundVaultV2.pause
FNDA:1,FundVaultV2.pause
DA:70,1
DA:70,1
FN:73,FundVaultV2.unpause
FNDA:1,FundVaultV2.unpause
DA:74,1
DA:74,1
FN:80,FundVaultV2.setFundNav
FNDA:11,FundVaultV2.setFundNav
DA:81,11
DA:81,11
DA:82,11
DA:82,11
FN:88,FundVaultV2.processDeposit
FNDA:12,FundVaultV2.processDeposit
DA:92,12
DA:92,12
DA:93,11
DA:93,11
DA:94,11
DA:94,11
DA:95,11
DA:95,11
FN:101,FundVaultV2.processRedemption
FNDA:2,FundVaultV2.processRedemption
DA:105,2
DA:105,2
DA:106,1
DA:106,1
DA:107,1
DA:107,1
DA:108,1
DA:108,1
FN:114,FundVaultV2.transferAllToCustodian
FNDA:1,FundVaultV2.transferAllToCustodian
DA:115,1
DA:115,1
DA:115,1
DA:116,1
DA:116,1
FN:122,FundVaultV2.transferToCustodian
FNDA:1,FundVaultV2.transferToCustodian
DA:123,2
DA:123,2
DA:123,2
BRDA:123,0,0,-
BRDA:123,0,1,2
DA:124,0
DA:124,0
DA:127,2
DA:127,2
DA:128,1
DA:128,1
FN:134,FundVaultV2.mint
FNDA:2,FundVaultV2.mint
DA:135,1
DA:135,1
FN:141,FundVaultV2.burnFrom
FNDA:2,FundVaultV2.burnFrom
DA:142,1
DA:142,1
FN:154,FundVaultV2.deposit
FNDA:16,FundVaultV2.deposit
DA:155,15
DA:155,15
DA:156,14
DA:156,14
DA:158,14
DA:158,14
DA:160,12
DA:160,12
DA:161,12
DA:161,12
FN:169,FundVaultV2.redeem
FNDA:3,FundVaultV2.redeem
DA:170,3
DA:170,3
DA:171,3
DA:171,3
DA:173,3
DA:173,3
DA:175,2
DA:175,2
DA:176,2
DA:176,2
FN:185,FundVaultV2._beforeTokenTransfer
FNDA:23,FundVaultV2._beforeTokenTransfer
DA:187,23
DA:187,23
DA:187,23
DA:187,23
DA:187,23
DA:187,11
DA:187,11
DA:187,9
DA:187,9
BRDA:187,1,0,9
BRDA:187,1,1,18
DA:188,23
DA:188,23
DA:191,9
DA:191,9
DA:191,9
DA:192,9
DA:192,9
BRDA:192,2,0,5
BRDA:192,2,1,4
FN:199,FundVaultV2.detectTransferRestriction
FNDA:0,FundVaultV2.detectTransferRestriction
DA:205,9
DA:205,9
BRDA:205,3,0,1
BRDA:205,3,1,8
DA:205,1
DA:206,8
DA:206,8
BRDA:206,4,0,1
BRDA:206,4,1,7
DA:206,1
DA:208,7
DA:208,7
BRDA:208,5,0,1
BRDA:208,5,1,2
DA:209,4
DA:209,4
BRDA:209,6,0,1
BRDA:209,6,1,3
DA:209,1
DA:210,3
DA:210,3
BRDA:210,7,0,1
BRDA:210,7,1,2
DA:210,1
DA:211,3
DA:211,3
BRDA:211,8,0,1
BRDA:211,8,1,1
DA:212,2
DA:212,2
BRDA:212,9,0,1
BRDA:212,9,1,1
DA:212,1
DA:214,4
DA:214,4
FN:221,FundVaultV2.previewDeposit
FNDA:1,FundVaultV2.previewDeposit
DA:222,1
DA:222,1
DA:222,1
DA:223,1
DA:223,1
DA:223,1
FN:226,FundVaultV2.previewRedeem
FNDA:1,FundVaultV2.previewRedeem
DA:227,1
DA:227,1
DA:227,1
DA:228,1
DA:228,1
DA:228,1
FN:238,FundVaultV2._validateDeposit
FNDA:26,FundVaultV2._validateDeposit
DA:240,26
DA:240,26
DA:240,26
DA:241,26
DA:241,26
BRDA:241,10,0,2
BRDA:241,10,1,24
DA:242,2
DA:242,2
DA:244,24
DA:244,24
DA:244,24
BRDA:244,11,0,-
BRDA:244,11,1,1
DA:245,1
DA:245,1
FN:252,FundVaultV2._validateRedemption
FNDA:5,FundVaultV2._validateRedemption
DA:253,5
DA:253,5
DA:253,5
BRDA:253,12,0,2
BRDA:253,12,1,3
DA:254,2
DA:254,2
FNF:21
FNH:19
LF:62
LH:57
BRF:26
BRH:24
end_of_record
TN:
SF:test/v2/helpers/FundVaultFactoryV2.sol
FN:32,FundVaultFactoryV2.
FNDA:0,FundVaultFactoryV2.
DA:34,0
DA:34,0
DA:37,0
DA:37,0
DA:38,0
DA:38,0
DA:38,0
DA:39,0
DA:39,0
DA:40,0
DA:40,0
DA:41,0
DA:41,0
DA:41,0
DA:42,0
DA:42,0
DA:43,0
DA:43,0
DA:44,0
DA:44,0
DA:45,0
DA:45,0
DA:45,0
DA:46,0
DA:46,0
DA:47,0
DA:47,0
DA:49,0
DA:49,0
DA:51,0
DA:51,0
DA:54,0
DA:54,0
DA:55,0
DA:55,0
DA:56,0
DA:56,0
DA:57,0
DA:57,0
DA:58,0
DA:58,0
DA:59,0
DA:59,0
DA:60,0
DA:60,0
DA:61,0
DA:61,0
FN:64,FundVaultFactoryV2.alice_deposit
FNDA:0,FundVaultFactoryV2.alice_deposit
DA:65,9
DA:65,9
FN:68,FundVaultFactoryV2.make_deposit
FNDA:0,FundVaultFactoryV2.make_deposit
DA:69,10
DA:69,10
DA:70,10
DA:70,10
DA:71,10
DA:71,10
DA:72,10
DA:72,10
DA:74,10
DA:74,10
DA:75,10
DA:75,10
DA:76,10
DA:76,10
DA:77,10
DA:77,10
FNF:3
FNH:0
LF:31
LH:9
BRF:0
BRH:0
end_of_record
