TN:
SF:script/AdvanceEpoch.s.sol
FN:8,AdvanceEpochScript.run
FNDA:0,AdvanceEpochScript.run
DA:9,0
DA:10,0
DA:11,0
DA:12,0
DA:16,0
DA:17,0
DA:18,0
DA:19,0
FNF:1
FNH:0
LF:8
LH:0
BRF:0
BRH:0
end_of_record
TN:
SF:script/DeployFundVault.s.sol
FN:19,DeployFundVault.run
FNDA:0,DeployFundVault.run
DA:20,0
DA:21,0
DA:22,0
DA:24,0
DA:25,0
DA:27,0
DA:28,0
DA:29,0
DA:31,0
DA:34,0
DA:38,0
DA:39,0
DA:41,0
DA:43,0
BRDA:43,0,0,-
BRDA:43,0,1,-
DA:44,0
DA:56,0
DA:59,0
DA:61,0
DA:69,0
DA:81,0
DA:84,0
DA:85,0
DA:86,0
DA:87,0
DA:88,0
DA:89,0
DA:90,0
DA:91,0
FNF:1
FNH:0
LF:28
LH:0
BRF:2
BRH:0
end_of_record
TN:
SF:src/BaseVault.sol
FN:49,BaseVault.setTransactionFee
FNDA:1,BaseVault.setTransactionFee
DA:50,1
DA:51,1
FN:54,BaseVault.setInitialDeposit
FNDA:0,BaseVault.setInitialDeposit
DA:55,0
DA:56,0
FN:59,BaseVault.setMinDeposit
FNDA:0,BaseVault.setMinDeposit
DA:60,0
DA:61,0
FN:64,BaseVault.setMaxDeposit
FNDA:1,BaseVault.setMaxDeposit
DA:65,1
DA:66,1
FN:69,BaseVault.setMinWithdraw
FNDA:0,BaseVault.setMinWithdraw
DA:70,0
DA:71,0
FN:74,BaseVault.setMaxWithdraw
FNDA:1,BaseVault.setMaxWithdraw
DA:75,1
DA:76,1
FN:79,BaseVault.setTargetReservesLevel
FNDA:0,BaseVault.setTargetReservesLevel
DA:80,0
DA:81,0
FN:84,BaseVault.setOnchainServiceFeeRate
FNDA:0,BaseVault.setOnchainServiceFeeRate
DA:85,0
DA:86,0
FN:89,BaseVault.setOffchainServiceFeeRate
FNDA:0,BaseVault.setOffchainServiceFeeRate
DA:90,0
DA:91,0
FN:98,BaseVault.getTransactionFee
FNDA:12,BaseVault.getTransactionFee
DA:99,12
FN:102,BaseVault.getMinMaxDeposit
FNDA:19,BaseVault.getMinMaxDeposit
DA:103,19
FN:106,BaseVault.getMinMaxWithdraw
FNDA:7,BaseVault.getMinMaxWithdraw
DA:107,7
FN:110,BaseVault.getTargetReservesLevel
FNDA:2,BaseVault.getTargetReservesLevel
DA:111,2
FN:114,BaseVault.getOnchainAndOffChainServiceFeeRate
FNDA:2,BaseVault.getOnchainAndOffChainServiceFeeRate
DA:119,2
FN:122,BaseVault.getInitialDeposit
FNDA:19,BaseVault.getInitialDeposit
DA:123,19
FNF:15
FNH:9
LF:24
LH:12
BRF:0
BRH:0
end_of_record
TN:
SF:src/ChainlinkAccessor.sol
FN:25,ChainlinkAccessor.init
FNDA:0,ChainlinkAccessor.init
DA:26,0
DA:27,0
DA:28,0
DA:29,0
DA:30,0
DA:31,0
DA:32,0
FN:38,ChainlinkAccessor._requestTotalOffchainNAV
FNDA:20,ChainlinkAccessor._requestTotalOffchainNAV
DA:42,20
DA:50,20
DA:54,20
BRDA:54,0,0,-
BRDA:54,0,1,-
DA:55,2
DA:57,18
DA:61,20
DA:62,20
DA:63,20
DA:65,20
DA:68,20
FN:71,ChainlinkAccessor.setChainlinkOracleAddress
FNDA:0,ChainlinkAccessor.setChainlinkOracleAddress
DA:72,0
DA:73,0
FN:76,ChainlinkAccessor.setChainlinkFee
FNDA:0,ChainlinkAccessor.setChainlinkFee
DA:77,0
DA:78,0
FN:81,ChainlinkAccessor.setChainlinkJobId
FNDA:0,ChainlinkAccessor.setChainlinkJobId
DA:82,0
DA:83,0
FN:86,ChainlinkAccessor.setChainlinkURLData
FNDA:0,ChainlinkAccessor.setChainlinkURLData
DA:87,0
DA:88,0
FN:91,ChainlinkAccessor.setPathToOffchainAssets
FNDA:0,ChainlinkAccessor.setPathToOffchainAssets
DA:92,0
DA:93,0
FN:96,ChainlinkAccessor.setPathToTotalOffchainAssetAtLastClose
FNDA:0,ChainlinkAccessor.setPathToTotalOffchainAssetAtLastClose
DA:97,0
DA:98,0
FN:101,ChainlinkAccessor.getChainLinkParameters
FNDA:0,ChainlinkAccessor.getChainLinkParameters
DA:102,0
FN:105,ChainlinkAccessor.getRequestData
FNDA:0,ChainlinkAccessor.getRequestData
DA:106,20
DA:107,20
DA:108,20
FNF:10
FNH:1
LF:33
LH:13
BRF:2
BRH:0
end_of_record
TN:
SF:src/FundVault.sol
FN:85,FundVault.setFeeReceiver
FNDA:0,FundVault.setFeeReceiver
DA:86,0
DA:87,0
FN:90,FundVault.setTreasury
FNDA:0,FundVault.setTreasury
DA:91,0
DA:92,0
FN:95,FundVault.setBaseVault
FNDA:0,FundVault.setBaseVault
DA:96,0
DA:97,0
FN:100,FundVault.setKycManager
FNDA:0,FundVault.setKycManager
DA:101,0
DA:102,0
FN:109,FundVault.pause
FNDA:1,FundVault.pause
DA:110,1
FN:113,FundVault.unpause
FNDA:1,FundVault.unpause
DA:114,1
FN:122,FundVault.requestAdvanceEpoch
FNDA:2,FundVault.requestAdvanceEpoch
DA:123,2
DA:125,2
FN:132,FundVault.requestRedemptionQueue
FNDA:3,FundVault.requestRedemptionQueue
DA:133,3
BRDA:133,0,0,1
BRDA:133,0,1,2
DA:134,1
DA:137,2
DA:139,2
FN:145,FundVault.transferExcessReservesToTreasury
FNDA:1,FundVault.transferExcessReservesToTreasury
DA:146,1
DA:147,1
BRDA:147,1,0,-
BRDA:147,1,1,1
DA:148,0
DA:151,1
FN:157,FundVault.transferToTreasury
FNDA:1,FundVault.transferToTreasury
DA:158,2
BRDA:158,2,0,-
BRDA:158,2,1,2
DA:159,0
DA:162,2
BRDA:162,3,0,1
BRDA:162,3,1,1
DA:163,1
DA:166,1
DA:167,1
FN:173,FundVault.setMinTxFee
FNDA:1,FundVault.setMinTxFee
DA:174,1
DA:175,1
FN:181,FundVault.claimOnchainServiceFee
FNDA:1,FundVault.claimOnchainServiceFee
DA:182,1
BRDA:182,4,0,-
BRDA:182,4,1,1
DA:183,0
DA:186,1
BRDA:186,5,0,1
BRDA:186,5,1,1
DA:187,1
DA:190,1
DA:191,1
DA:192,1
FN:198,FundVault.claimOffchainServiceFee
FNDA:1,FundVault.claimOffchainServiceFee
DA:199,1
BRDA:199,6,0,-
BRDA:199,6,1,1
DA:200,0
DA:203,1
BRDA:203,7,0,1
BRDA:203,7,1,1
DA:204,1
DA:207,1
DA:208,1
DA:209,1
FN:215,FundVault.bulkSetInitialDeposit
FNDA:1,FundVault.bulkSetInitialDeposit
DA:216,1
DA:217,2
FN:229,FundVault.fulfill
FNDA:21,FundVault.fulfill
DA:230,20
DA:232,20
DA:234,20
BRDA:234,8,0,12
BRDA:234,8,1,8
DA:235,12
DA:236,8
BRDA:236,9,0,4
BRDA:236,9,1,4
DA:237,4
DA:238,4
BRDA:238,10,0,2
BRDA:238,10,1,2
DA:239,2
DA:240,2
BRDA:240,11,0,2
BRDA:240,11,1,2
DA:241,2
DA:243,18
FN:256,FundVault.deposit
FNDA:22,FundVault.deposit
DA:265,20
DA:266,19
DA:268,19
DA:269,12
DA:271,12
DA:272,12
FN:282,FundVault.redeem
FNDA:9,FundVault.redeem
DA:292,8
DA:293,8
DA:295,8
DA:296,4
DA:298,4
DA:299,4
FN:305,FundVault.mint
FNDA:1,FundVault.mint
DA:306,1
FN:313,FundVault.withdraw
FNDA:1,FundVault.withdraw
DA:314,1
FN:321,FundVault.getRedemptionQueueInfo
FNDA:1,FundVault.getRedemptionQueueInfo
DA:322,1
BRDA:322,12,0,-
BRDA:322,12,1,1
DA:323,0
DA:326,1
DA:327,1
FN:330,FundVault.getRedemptionQueueLength
FNDA:3,FundVault.getRedemptionQueueLength
DA:331,3
FN:337,FundVault.getTxFee
FNDA:0,FundVault.getTxFee
DA:338,12
FN:344,FundVault.getUserEpochInfo
FNDA:1,FundVault.getUserEpochInfo
DA:349,22
DA:350,22
DA:352,22
DA:354,0
FN:362,FundVault.vaultNetAssets
FNDA:4,FundVault.vaultNetAssets
DA:363,44
FN:369,FundVault.combinedNetAssets
FNDA:5,FundVault.combinedNetAssets
DA:370,28
FN:376,FundVault.excessReserves
FNDA:1,FundVault.excessReserves
DA:377,2
DA:378,2
DA:379,2
FN:388,FundVault._beforeTokenTransfer
FNDA:28,FundVault._beforeTokenTransfer
DA:390,28
BRDA:390,13,0,11
BRDA:390,13,1,23
DA:391,28
DA:394,11
DA:395,11
BRDA:395,14,0,5
BRDA:395,14,1,6
FN:401,FundVault._afterTokenTransfer
FNDA:23,FundVault._afterTokenTransfer
DA:402,23
BRDA:402,15,0,14
BRDA:402,15,1,23
DA:403,14
FN:411,FundVault.detectTransferRestriction
FNDA:0,FundVault.detectTransferRestriction
DA:417,11
BRDA:417,16,0,1
BRDA:417,16,1,10
DA:418,10
BRDA:418,17,0,1
BRDA:418,17,1,9
DA:420,9
BRDA:420,18,0,1
BRDA:420,18,1,4
DA:421,6
BRDA:421,19,0,1
BRDA:421,19,1,5
DA:422,5
BRDA:422,20,0,1
BRDA:422,20,1,4
DA:423,3
BRDA:423,21,0,1
BRDA:423,21,1,1
DA:424,2
BRDA:424,22,0,1
BRDA:424,22,1,1
DA:426,6
FN:433,FundVault._convertToAssets
FNDA:12,FundVault._convertToAssets
DA:434,12
DA:435,12
FN:438,FundVault._convertToShares
FNDA:17,FundVault._convertToShares
DA:439,17
DA:440,17
FN:450,FundVault._validateDeposit
FNDA:19,FundVault._validateDeposit
DA:452,19
DA:454,19
DA:455,19
DA:457,19
BRDA:457,23,0,1
BRDA:457,23,1,18
DA:458,1
DA:460,18
BRDA:460,24,0,1
BRDA:460,24,1,17
DA:461,1
DA:463,17
BRDA:463,25,0,1
BRDA:463,25,1,16
DA:464,1
DA:466,16
BRDA:466,26,0,-
BRDA:466,26,1,1
DA:467,1
DA:470,15
DA:472,15
BRDA:472,27,0,2
BRDA:472,27,1,12
DA:474,14
BRDA:474,28,0,2
BRDA:474,28,1,12
DA:475,2
DA:479,1
BRDA:479,29,0,1
BRDA:479,29,1,-
DA:480,1
FN:488,FundVault._processDeposit
FNDA:12,FundVault._processDeposit
DA:489,12
DA:490,12
DA:492,12
DA:493,12
DA:495,12
DA:497,11
DA:498,11
FN:504,FundVault._validateRedemption
FNDA:8,FundVault._validateRedemption
DA:505,8
BRDA:505,30,0,1
BRDA:505,30,1,7
DA:506,1
DA:509,7
DA:510,7
DA:511,7
BRDA:511,31,0,1
BRDA:511,31,1,6
DA:512,1
DA:515,6
DA:517,6
BRDA:517,32,0,1
BRDA:517,32,1,4
DA:519,5
BRDA:519,33,0,1
BRDA:519,33,1,4
DA:520,1
DA:524,1
BRDA:524,34,0,1
BRDA:524,34,1,-
DA:525,1
FN:534,FundVault._processRedemption
FNDA:4,FundVault._processRedemption
DA:535,4
BRDA:535,35,0,1
BRDA:535,35,1,3
DA:536,1
DA:538,3
DA:539,3
DA:541,3
DA:542,3
DA:545,3
BRDA:545,36,0,1
BRDA:545,36,1,3
DA:546,1
DA:547,1
DA:551,3
BRDA:551,37,0,3
BRDA:551,37,1,3
DA:552,3
DA:556,3
BRDA:556,38,0,1
BRDA:556,38,1,3
DA:557,1
DA:558,1
DA:559,1
DA:560,1
DA:563,3
DA:564,3
FN:573,FundVault._processRedemptionQueue
FNDA:2,FundVault._processRedemptionQueue
DA:574,3
DA:575,2
DA:576,2
DA:578,2
DA:581,2
BRDA:581,39,0,1
BRDA:581,39,1,1
DA:582,1
DA:585,1
DA:586,1
DA:588,1
FN:595,FundVault._advanceEpoch
FNDA:2,FundVault._advanceEpoch
DA:596,2
DA:598,2
DA:600,2
DA:601,2
DA:603,2
FN:606,FundVault._getAssetBalance
FNDA:20,FundVault._getAssetBalance
DA:607,20
FN:610,FundVault._getServiceFee
FNDA:4,FundVault._getServiceFee
DA:611,4
FNF:39
FNH:33
LF:172
LH:158
BRF:80
BRH:72
end_of_record
TN:
SF:src/KycManager.sol
FN:33,KycManager.bulkGrantKyc
FNDA:2,KycManager.bulkGrantKyc
DA:34,2
BRDA:34,0,0,-
BRDA:34,0,1,2
DA:35,2
DA:36,3
FN:40,KycManager._grantKyc
FNDA:3,KycManager._grantKyc
DA:41,3
BRDA:41,1,0,-
BRDA:41,1,1,3
DA:43,3
DA:44,3
DA:45,3
FN:52,KycManager.bulkRevokeKyc
FNDA:1,KycManager.bulkRevokeKyc
DA:53,1
DA:54,1
FN:58,KycManager._revokeKyc
FNDA:1,KycManager._revokeKyc
DA:59,1
DA:60,1
DA:61,1
DA:62,1
FN:69,KycManager.bulkBan
FNDA:1,KycManager.bulkBan
DA:70,1
DA:71,1
FN:79,KycManager.bulkUnBan
FNDA:0,KycManager.bulkUnBan
DA:80,0
DA:81,0
FN:85,KycManager._setBanned
FNDA:1,KycManager._setBanned
DA:86,1
DA:87,1
FN:90,KycManager.setStrict
FNDA:0,KycManager.setStrict
DA:91,0
DA:92,0
FN:99,KycManager.getUserInfo
FNDA:0,KycManager.getUserInfo
DA:100,0
FN:103,KycManager.getAllUsers
FNDA:0,KycManager.getAllUsers
DA:104,0
FN:107,KycManager.getAllUserInfo
FNDA:0,KycManager.getAllUserInfo
DA:108,0
DA:109,0
DA:110,0
DA:111,0
DA:112,0
DA:113,0
DA:114,0
DA:116,0
FN:119,KycManager.onlyNotBanned
FNDA:27,KycManager.onlyNotBanned
DA:120,27
BRDA:120,2,0,-
BRDA:120,2,1,27
DA:121,0
FN:125,KycManager.onlyKyc
FNDA:28,KycManager.onlyKyc
DA:126,28
BRDA:126,3,0,1
BRDA:126,3,1,27
DA:127,1
FN:131,KycManager.isBanned
FNDA:21,KycManager.isBanned
DA:132,21
FN:135,KycManager.isKyc
FNDA:13,KycManager.isKyc
DA:136,13
FN:139,KycManager.isUSKyc
FNDA:3,KycManager.isUSKyc
DA:140,3
FN:143,KycManager.isNonUSKyc
FNDA:0,KycManager.isNonUSKyc
DA:144,0
FN:147,KycManager.isStrict
FNDA:9,KycManager.isStrict
DA:148,9
FN:151,KycManager._addUserIfNotExist
FNDA:4,KycManager._addUserIfNotExist
DA:152,4
BRDA:152,4,0,2
BRDA:152,4,1,4
DA:153,2
DA:154,2
DA:155,2
FNF:19
FNH:13
LF:44
LH:28
BRF:10
BRH:7
end_of_record
TN:
SF:src/mocks/USDC.sol
FN:11,USDC.decimals
FNDA:0,USDC.decimals
DA:12,0
FNF:1
FNH:0
LF:1
LH:0
BRF:0
BRH:0
end_of_record
TN:
SF:src/utils/BytesQueue.sol
FN:55,BytesQueue.pushBack
FNDA:0,BytesQueue.pushBack
DA:56,0
DA:57,0
DA:59,0
FN:68,BytesQueue.popFront
FNDA:0,BytesQueue.popFront
DA:69,0
BRDA:69,0,0,-
BRDA:69,0,1,-
DA:70,0
DA:71,0
DA:72,0
DA:74,0
FN:83,BytesQueue.front
FNDA:0,BytesQueue.front
DA:84,0
BRDA:84,1,0,-
BRDA:84,1,1,-
DA:85,0
DA:86,0
FN:95,BytesQueue.at
FNDA:0,BytesQueue.at
DA:97,0
DA:98,0
BRDA:98,2,0,-
BRDA:98,2,1,-
DA:99,0
FN:102,BytesQueue._toInt128
FNDA:0,BytesQueue._toInt128
DA:103,0
DA:104,0
BRDA:104,3,0,-
BRDA:104,3,1,-
FN:107,BytesQueue._toInt256
FNDA:0,BytesQueue._toInt256
DA:109,0
BRDA:109,4,0,-
BRDA:109,4,1,-
DA:110,0
FN:119,BytesQueue.clear
FNDA:0,BytesQueue.clear
DA:120,0
DA:121,0
FN:127,BytesQueue.length
FNDA:0,BytesQueue.length
DA:131,0
FN:138,BytesQueue.empty
FNDA:0,BytesQueue.empty
DA:139,0
FNF:9
FNH:0
LF:22
LH:0
BRF:10
BRH:0
end_of_record
TN:
SF:src/utils/ERC1404.sol
FN:16,ERC1404.messageForTransferRestriction
FNDA:0,ERC1404.messageForTransferRestriction
DA:17,11
BRDA:17,0,0,6
BRDA:17,0,1,5
DA:18,6
DA:19,5
BRDA:19,1,0,3
BRDA:19,1,1,2
DA:20,3
DA:21,2
BRDA:21,2,0,2
BRDA:21,2,1,2
DA:22,2
FNF:1
FNH:0
LF:6
LH:6
BRF:6
BRH:6
end_of_record
TN:
SF:test/helpers/FundVaultFactory.sol
FN:101,FundVaultFactory.getRequestId
FNDA:0,FundVaultFactory.getRequestId
DA:102,0
FN:105,FundVaultFactory.nextRequestId
FNDA:0,FundVaultFactory.nextRequestId
DA:106,0
FN:109,FundVaultFactory.alice_deposit
FNDA:0,FundVaultFactory.alice_deposit
DA:110,0
FN:113,FundVaultFactory.make_deposit
FNDA:0,FundVaultFactory.make_deposit
DA:115,0
DA:116,0
DA:117,0
DA:118,0
DA:119,0
DA:122,0
DA:123,0
FNF:4
FNH:0
LF:10
LH:0
BRF:0
BRH:0
end_of_record
